# JRE version: Java(TM) SE Runtime Environment (21.0.6+8) (build 21.0.6+8-LTS-188)
# Java VM: Java HotSpot(TM) 64-Bit Server VM (21.0.6+8-LTS-188, mixed mode, sharing, tiered, compressed oops, compressed class ptrs, g1 gc, windows-amd64)
GC Precious Log:
 CardTable entry size: 512
 Card Set container configuration: InlinePtr #cards 5 size 8 Array Of Cards #cards 12 size 40 Howl #buckets 4 coarsen threshold 1843 Howl Bitmap #cards 512 size 80 coarsen threshold 460 Card regions per heap region 1 cards per card region 2048
 CPUs: 8 total, 8 available
 Memory: 8007M
 Large Page Support: Disabled
 NUMA Support: Disabled
 Compressed Oops: Enabled (32-bit)
 Heap Region Size: 1M
 Heap Min Capacity: 8M
 Heap Initial Capacity: 126M
 Heap Max Capacity: 2G
 Pre-touch: Disabled
 Parallel Workers: 8
 Concurrent Workers: 2
 Concurrent Refinement Workers: 8
 Periodic GC: Disabled
Heap:
 garbage-first heap   total 208896K, used 128740K [0x0000000080000000, 0x0000000100000000)
  region size 1024K, 11 young (11264K), 8 survivors (8192K)
 Metaspace       used 115466K, committed 117888K, reserved 1179648K
  class space    used 15384K, committed 16576K, reserved 1048576K
GC Heap History (20 events):
Event: 36.604 GC heap before
{Heap before GC invocations=28 (full 0):
 garbage-first heap   total 164864K, used 99334K [0x0000000080000000, 0x0000000100000000)
  region size 1024K, 10 young (10240K), 8 survivors (8192K)
 Metaspace       used 71487K, committed 73472K, reserved 1114112K
  class space    used 9703K, committed 10688K, reserved 1048576K
}
Event: 36.610 GC heap after
{Heap after GC invocations=29 (full 0):
 garbage-first heap   total 164864K, used 93922K [0x0000000080000000, 0x0000000100000000)
  region size 1024K, 1 young (1024K), 1 survivors (1024K)
 Metaspace       used 71487K, committed 73472K, reserved 1114112K
  class space    used 9703K, committed 10688K, reserved 1048576K
}
Event: 37.800 GC heap before
{Heap before GC invocations=30 (full 0):
 garbage-first heap   total 168960K, used 148194K [0x0000000080000000, 0x0000000100000000)
  region size 1024K, 53 young (54272K), 1 survivors (1024K)
 Metaspace       used 75164K, committed 77120K, reserved 1179648K
  class space    used 10174K, committed 11136K, reserved 1048576K
}
Event: 37.805 GC heap after
{Heap after GC invocations=31 (full 0):
 garbage-first heap   total 168960K, used 97281K [0x0000000080000000, 0x0000000100000000)
  region size 1024K, 4 young (4096K), 4 survivors (4096K)
 Metaspace       used 75164K, committed 77120K, reserved 1179648K
  class space    used 10174K, committed 11136K, reserved 1048576K
}
Event: 39.012 GC heap before
{Heap before GC invocations=31 (full 0):
 garbage-first heap   total 168960K, used 152577K [0x0000000080000000, 0x0000000100000000)
  region size 1024K, 58 young (59392K), 4 survivors (4096K)
 Metaspace       used 76684K, committed 78720K, reserved 1179648K
  class space    used 10412K, committed 11392K, reserved 1048576K
}
Event: 39.024 GC heap after
{Heap after GC invocations=32 (full 0):
 garbage-first heap   total 202752K, used 100545K [0x0000000080000000, 0x0000000100000000)
  region size 1024K, 8 young (8192K), 8 survivors (8192K)
 Metaspace       used 76684K, committed 78720K, reserved 1179648K
  class space    used 10412K, committed 11392K, reserved 1048576K
}
Event: 41.123 GC heap before
{Heap before GC invocations=32 (full 0):
 garbage-first heap   total 202752K, used 176321K [0x0000000080000000, 0x0000000100000000)
  region size 1024K, 82 young (83968K), 8 survivors (8192K)
 Metaspace       used 82760K, committed 84864K, reserved 1179648K
  class space    used 11239K, committed 12288K, reserved 1048576K
}
Event: 41.136 GC heap after
{Heap after GC invocations=33 (full 0):
 garbage-first heap   total 202752K, used 104095K [0x0000000080000000, 0x0000000100000000)
  region size 1024K, 8 young (8192K), 8 survivors (8192K)
 Metaspace       used 82760K, committed 84864K, reserved 1179648K
  class space    used 11239K, committed 12288K, reserved 1048576K
}
Event: 43.698 GC heap before
{Heap before GC invocations=34 (full 0):
 garbage-first heap   total 202752K, used 179871K [0x0000000080000000, 0x0000000100000000)
  region size 1024K, 82 young (83968K), 8 survivors (8192K)
 Metaspace       used 88246K, committed 90368K, reserved 1179648K
  class space    used 12143K, committed 13184K, reserved 1048576K
}
Event: 43.711 GC heap after
{Heap after GC invocations=35 (full 0):
 garbage-first heap   total 202752K, used 106609K [0x0000000080000000, 0x0000000100000000)
  region size 1024K, 6 young (6144K), 6 survivors (6144K)
 Metaspace       used 88246K, committed 90368K, reserved 1179648K
  class space    used 12143K, committed 13184K, reserved 1048576K
}
Event: 46.295 GC heap before
{Heap before GC invocations=35 (full 0):
 garbage-first heap   total 202752K, used 188529K [0x0000000080000000, 0x0000000100000000)
  region size 1024K, 81 young (82944K), 6 survivors (6144K)
 Metaspace       used 95043K, committed 97280K, reserved 1179648K
  class space    used 12985K, committed 14080K, reserved 1048576K
}
Event: 46.316 GC heap after
{Heap after GC invocations=36 (full 0):
 garbage-first heap   total 204800K, used 112819K [0x0000000080000000, 0x0000000100000000)
  region size 1024K, 11 young (11264K), 11 survivors (11264K)
 Metaspace       used 95043K, committed 97280K, reserved 1179648K
  class space    used 12985K, committed 14080K, reserved 1048576K
}
Event: 48.824 GC heap before
{Heap before GC invocations=36 (full 0):
 garbage-first heap   total 204800K, used 182451K [0x0000000080000000, 0x0000000100000000)
  region size 1024K, 79 young (80896K), 11 survivors (11264K)
 Metaspace       used 98838K, committed 101184K, reserved 1179648K
  class space    used 13517K, committed 14656K, reserved 1048576K
}
Event: 48.840 GC heap after
{Heap after GC invocations=37 (full 0):
 garbage-first heap   total 204800K, used 117674K [0x0000000080000000, 0x0000000100000000)
  region size 1024K, 5 young (5120K), 5 survivors (5120K)
 Metaspace       used 98838K, committed 101184K, reserved 1179648K
  class space    used 13517K, committed 14656K, reserved 1048576K
}
Event: 50.816 GC heap before
{Heap before GC invocations=38 (full 0):
 garbage-first heap   total 208896K, used 187306K [0x0000000080000000, 0x0000000100000000)
  region size 1024K, 74 young (75776K), 5 survivors (5120K)
 Metaspace       used 105617K, committed 107968K, reserved 1179648K
  class space    used 14336K, committed 15488K, reserved 1048576K
}
Event: 50.824 GC heap after
{Heap after GC invocations=39 (full 0):
 garbage-first heap   total 208896K, used 119322K [0x0000000080000000, 0x0000000100000000)
  region size 1024K, 7 young (7168K), 7 survivors (7168K)
 Metaspace       used 105617K, committed 107968K, reserved 1179648K
  class space    used 14336K, committed 15488K, reserved 1048576K
}
Event: 55.436 GC heap before
{Heap before GC invocations=39 (full 0):
 garbage-first heap   total 208896K, used 188954K [0x0000000080000000, 0x0000000100000000)
  region size 1024K, 76 young (77824K), 7 survivors (7168K)
 Metaspace       used 107737K, committed 110144K, reserved 1179648K
  class space    used 14498K, committed 15680K, reserved 1048576K
}
Event: 55.452 GC heap after
{Heap after GC invocations=40 (full 0):
 garbage-first heap   total 208896K, used 123773K [0x0000000080000000, 0x0000000100000000)
  region size 1024K, 8 young (8192K), 8 survivors (8192K)
 Metaspace       used 107737K, committed 110144K, reserved 1179648K
  class space    used 14498K, committed 15680K, reserved 1048576K
}
Event: 357.402 GC heap before
{Heap before GC invocations=40 (full 0):
 garbage-first heap   total 208896K, used 187261K [0x0000000080000000, 0x0000000100000000)
  region size 1024K, 71 young (72704K), 8 survivors (8192K)
 Metaspace       used 115386K, committed 117824K, reserved 1179648K
  class space    used 15370K, committed 16576K, reserved 1048576K
}
Event: 357.503 GC heap after
{Heap after GC invocations=41 (full 0):
 garbage-first heap   total 208896K, used 126692K [0x0000000080000000, 0x0000000100000000)
  region size 1024K, 8 young (8192K), 8 survivors (8192K)
 Metaspace       used 115386K, committed 117824K, reserved 1179648K
  class space    used 15370K, committed 16576K, reserved 1048576K
}

